# JRE version: OpenJDK Runtime Environment (8.0_65-b17) (build 1.8.0_65-b17)
# Java VM: OpenJDK Server VM (25.65-b01 mixed mode linux-x86 )
Heap:
 PSYoungGen      total 107776K, used 11259K [0x9c580000, 0xa3b00000, 0xa7000000)
  eden space 96512K, 0% used [0x9c580000,0x9c580000,0xa23c0000)
  from space 11264K, 99% used [0xa23c0000,0xa2ebece8,0xa2ec0000)
  to   space 9984K, 0% used [0xa2ec0000,0xa2ec0000,0xa3880000)
 ParOldGen       total 35584K, used 13656K [0x87000000, 0x892c0000, 0x9c580000)
  object space 35584K, 38% used [0x87000000,0x87d56328,0x892c0000)
 Metaspace       used 21047K, capacity 21857K, committed 21888K, reserved 22832K
GC Heap History (10 events):
Event: 4,292 GC heap after
Heap after GC invocations=5 (full 0):
 PSYoungGen      total 26624K, used 2042K [0x9c580000, 0xa0180000, 0xa7000000)
  eden space 24576K, 0% used [0x9c580000,0x9c580000,0x9dd80000)
  from space 2048K, 99% used [0x9dd80000,0x9df7e870,0x9df80000)
  to   space 6144K, 0% used [0x9fb80000,0x9fb80000,0xa0180000)
 ParOldGen       total 32768K, used 8211K [0x87000000, 0x89000000, 0x9c580000)
  object space 32768K, 25% used [0x87000000,0x87804e08,0x89000000)
 Metaspace       used 9187K, capacity 9287K, committed 9368K, reserved 9520K
}
Event: 5,296 GC heap before
{Heap before GC invocations=6 (full 0):
 PSYoungGen      total 26624K, used 26618K [0x9c580000, 0xa0180000, 0xa7000000)
  eden space 24576K, 100% used [0x9c580000,0x9dd80000,0x9dd80000)
  from space 2048K, 99% used [0x9dd80000,0x9df7e870,0x9df80000)
  to   space 6144K, 0% used [0x9fb80000,0x9fb80000,0xa0180000)
 ParOldGen       total 32768K, used 8211K [0x87000000, 0x89000000, 0x9c580000)
  object space 32768K, 25% used [0x87000000,0x87804e08,0x89000000)
 Metaspace       used 10049K, capacity 10129K, committed 10264K, reserved 10544K
Event: 5,354 GC heap after
Heap after GC invocations=6 (full 0):
 PSYoungGen      total 55040K, used 5019K [0x9c580000, 0xa0200000, 0xa7000000)
  eden space 48896K, 0% used [0x9c580000,0x9c580000,0x9f540000)
  from space 6144K, 81% used [0x9fb80000,0xa0066d30,0xa0180000)
  to   space 6400K, 0% used [0x9f540000,0x9f540000,0x9fb80000)
 ParOldGen       total 32768K, used 8215K [0x87000000, 0x89000000, 0x9c580000)
  object space 32768K, 25% used [0x87000000,0x87805e08,0x89000000)
 Metaspace       used 10049K, capacity 10129K, committed 10264K, reserved 10544K
}
Event: 7,615 GC heap before
{Heap before GC invocations=7 (full 0):
 PSYoungGen      total 55040K, used 53915K [0x9c580000, 0xa0200000, 0xa7000000)
  eden space 48896K, 100% used [0x9c580000,0x9f540000,0x9f540000)
  from space 6144K, 81% used [0x9fb80000,0xa0066d30,0xa0180000)
  to   space 6400K, 0% used [0x9f540000,0x9f540000,0x9fb80000)
 ParOldGen       total 32768K, used 8215K [0x87000000, 0x89000000, 0x9c580000)
  object space 32768K, 25% used [0x87000000,0x87805e08,0x89000000)
 Metaspace       used 13071K, capacity 13215K, committed 13336K, reserved 13616K
Event: 7,691 GC heap after
Heap after GC invocations=7 (full 0):
 PSYoungGen      total 55296K, used 6387K [0x9c580000, 0xa3880000, 0xa7000000)
  eden space 48896K, 0% used [0x9c580000,0x9c580000,0x9f540000)
  from space 6400K, 99% used [0x9f540000,0x9fb7cd80,0x9fb80000)
  to   space 9984K, 0% used [0xa2ec0000,0xa2ec0000,0xa3880000)
 ParOldGen       total 32768K, used 13247K [0x87000000, 0x89000000, 0x9c580000)
  object space 32768K, 40% used [0x87000000,0x87cefd20,0x89000000)
 Metaspace       used 13071K, capacity 13215K, committed 13336K, reserved 13616K
}
Event: 9,976 GC heap before
{Heap before GC invocations=8 (full 0):
 PSYoungGen      total 55296K, used 34763K [0x9c580000, 0xa3880000, 0xa7000000)
  eden space 48896K, 58% used [0x9c580000,0x9e136190,0x9f540000)
  from space 6400K, 99% used [0x9f540000,0x9fb7cd80,0x9fb80000)
  to   space 9984K, 0% used [0xa2ec0000,0xa2ec0000,0xa3880000)
 ParOldGen       total 32768K, used 13247K [0x87000000, 0x89000000, 0x9c580000)
  object space 32768K, 40% used [0x87000000,0x87cefd20,0x89000000)
 Metaspace       used 16006K, capacity 16371K, committed 16384K, reserved 16688K
Event: 10,024 GC heap after
Heap after GC invocations=8 (full 0):
 PSYoungGen      total 106496K, used 9475K [0x9c580000, 0xa3b00000, 0xa7000000)
  eden space 96512K, 0% used [0x9c580000,0x9c580000,0xa23c0000)
  from space 9984K, 94% used [0xa2ec0000,0xa3800f58,0xa3880000)
  to   space 11264K, 0% used [0xa23c0000,0xa23c0000,0xa2ec0000)
 ParOldGen       total 32768K, used 13834K [0x87000000, 0x89000000, 0x9c580000)
  object space 32768K, 42% used [0x87000000,0x87d82b00,0x89000000)
 Metaspace       used 16006K, capacity 16371K, committed 16384K, reserved 16688K
}
Event: 10,024 GC heap before
{Heap before GC invocations=9 (full 1):
 PSYoungGen      total 106496K, used 9475K [0x9c580000, 0xa3b00000, 0xa7000000)
  eden space 96512K, 0% used [0x9c580000,0x9c580000,0xa23c0000)
  from space 9984K, 94% used [0xa2ec0000,0xa3800f58,0xa3880000)
  to   space 11264K, 0% used [0xa23c0000,0xa23c0000,0xa2ec0000)
 ParOldGen       total 32768K, used 13834K [0x87000000, 0x89000000, 0x9c580000)
  object space 32768K, 42% used [0x87000000,0x87d82b00,0x89000000)
 Metaspace       used 16006K, capacity 16371K, committed 16384K, reserved 16688K
Event: 10,185 GC heap after
Heap after GC invocations=9 (full 1):
 PSYoungGen      total 106496K, used 0K [0x9c580000, 0xa3b00000, 0xa7000000)
  eden space 96512K, 0% used [0x9c580000,0x9c580000,0xa23c0000)
  from space 9984K, 0% used [0xa2ec0000,0xa2ec0000,0xa3880000)
  to   space 11264K, 0% used [0xa23c0000,0xa23c0000,0xa2ec0000)
 ParOldGen       total 35584K, used 13533K [0x87000000, 0x892c0000, 0x9c580000)
  object space 35584K, 38% used [0x87000000,0x87d37688,0x892c0000)
 Metaspace       used 16006K, capacity 16371K, committed 16384K, reserved 16688K
}
Event: 19,321 GC heap before
{Heap before GC invocations=10 (full 1):
 PSYoungGen      total 106496K, used 96512K [0x9c580000, 0xa3b00000, 0xa7000000)
  eden space 96512K, 100% used [0x9c580000,0xa23c0000,0xa23c0000)
  from space 9984K, 0% used [0xa2ec0000,0xa2ec0000,0xa3880000)
  to   space 11264K, 0% used [0xa23c0000,0xa23c0000,0xa2ec0000)
 ParOldGen       total 35584K, used 13533K [0x87000000, 0x892c0000, 0x9c580000)
  object space 35584K, 38% used [0x87000000,0x87d37688,0x892c0000)
 Metaspace       used 21047K, capacity 21857K, committed 21888K, reserved 22832K

